<?xml version="1.0" encoding="UTF-8"?>
<testsuite xmlns:xsi="http://www.w3.org/2001/XMLSchema-instance" xsi:noNamespaceSchemaLocation="https://maven.apache.org/surefire/maven-surefire-plugin/xsd/surefire-test-report.xsd" version="3.0.2" name="io.jenkins.plugins.jenkins_plugin.InjectedTest" time="4.427" tests="2" errors="0" skipped="0" failures="0">
  <properties>
[...]
</properties>
  <testcase name="testCliSanity" classname="io.jenkins.plugins.jenkins_plugin.InjectedTest" time="0.006"/>
  <testcase name="testPluginActive" classname="io.jenkins.plugins.jenkins_plugin.InjectedTest" time="0.001"/>
</testsuite>